2017-05-22 00:15:20,832 [Worker-216] INFO  o.e.m.c.i.e.AbstractTransferListenerAdapter - Downloading https://repo.maven.apache.org/maven2/org/hibernate/ejb3-persistence/1.0.1.GA/ejb3-persistence-1.0.1.GA.pom
2017-05-22 00:15:21,184 [Worker-216] INFO  o.e.m.c.i.e.AbstractTransferListenerAdapter - Downloaded https://repo.maven.apache.org/maven2/org/hibernate/ejb3-persistence/1.0.1.GA/ejb3-persistence-1.0.1.GA.pom
2017-05-22 00:15:21,348 [Worker-216] INFO  o.e.m.c.i.e.AbstractTransferListenerAdapter - Downloading https://repo.maven.apache.org/maven2/org/hibernate/hibernate-annotations/3.3.1.GA/hibernate-annotations-3.3.1.GA.pom
2017-05-22 00:15:21,492 [Worker-216] INFO  o.e.m.c.i.e.AbstractTransferListenerAdapter - Downloaded https://repo.maven.apache.org/maven2/org/hibernate/hibernate-annotations/3.3.1.GA/hibernate-annotations-3.3.1.GA.pom
2017-05-22 00:15:21,656 [Worker-216] INFO  o.e.m.c.i.e.AbstractTransferListenerAdapter - Downloading https://repo.maven.apache.org/maven2/org/hibernate/hibernate/3.2.6.ga/hibernate-3.2.6.ga.pom
2017-05-22 00:15:21,806 [Worker-216] INFO  o.e.m.c.i.e.AbstractTransferListenerAdapter - Downloaded https://repo.maven.apache.org/maven2/org/hibernate/hibernate/3.2.6.ga/hibernate-3.2.6.ga.pom
2017-05-22 00:15:21,982 [Worker-216] INFO  o.e.m.c.i.e.AbstractTransferListenerAdapter - Downloading https://repo.maven.apache.org/maven2/net/sf/ehcache/ehcache/1.2.3/ehcache-1.2.3.pom
2017-05-22 00:15:22,299 [Worker-216] INFO  o.e.m.c.i.e.AbstractTransferListenerAdapter - Downloaded https://repo.maven.apache.org/maven2/net/sf/ehcache/ehcache/1.2.3/ehcache-1.2.3.pom
2017-05-22 00:15:22,527 [Worker-216] INFO  o.e.m.c.i.e.AbstractTransferListenerAdapter - Downloading https://repo.maven.apache.org/maven2/commons-logging/commons-logging/1.0.4/commons-logging-1.0.4.pom
2017-05-22 00:15:22,701 [Worker-216] INFO  o.e.m.c.i.e.AbstractTransferListenerAdapter - Downloaded https://repo.maven.apache.org/maven2/commons-logging/commons-logging/1.0.4/commons-logging-1.0.4.pom
2017-05-22 00:15:22,955 [Worker-216] INFO  o.e.m.c.i.e.AbstractTransferListenerAdapter - Downloading https://repo.maven.apache.org/maven2/commons-collections/commons-collections/2.1/commons-collections-2.1.pom
2017-05-22 00:15:23,263 [Worker-216] INFO  o.e.m.c.i.e.AbstractTransferListenerAdapter - Downloaded https://repo.maven.apache.org/maven2/commons-collections/commons-collections/2.1/commons-collections-2.1.pom
2017-05-22 00:15:23,521 [Worker-216] INFO  o.e.m.c.i.e.AbstractTransferListenerAdapter - Downloading https://repo.maven.apache.org/maven2/javax/transaction/jta/1.0.1B/jta-1.0.1B.pom
2017-05-22 00:15:23,685 [Worker-216] INFO  o.e.m.c.i.e.AbstractTransferListenerAdapter - Downloaded https://repo.maven.apache.org/maven2/javax/transaction/jta/1.0.1B/jta-1.0.1B.pom
2017-05-22 00:15:23,849 [Worker-216] INFO  o.e.m.c.i.e.AbstractTransferListenerAdapter - Downloading https://repo.maven.apache.org/maven2/asm/asm-attrs/1.5.3/asm-attrs-1.5.3.pom
2017-05-22 00:15:24,071 [Worker-216] INFO  o.e.m.c.i.e.AbstractTransferListenerAdapter - Downloaded https://repo.maven.apache.org/maven2/asm/asm-attrs/1.5.3/asm-attrs-1.5.3.pom
2017-05-22 00:15:24,237 [Worker-216] INFO  o.e.m.c.i.e.AbstractTransferListenerAdapter - Downloading https://repo.maven.apache.org/maven2/dom4j/dom4j/1.6.1/dom4j-1.6.1.pom
2017-05-22 00:15:24,409 [Worker-216] INFO  o.e.m.c.i.e.AbstractTransferListenerAdapter - Downloaded https://repo.maven.apache.org/maven2/dom4j/dom4j/1.6.1/dom4j-1.6.1.pom
2017-05-22 00:15:24,617 [Worker-216] INFO  o.e.m.c.i.e.AbstractTransferListenerAdapter - Downloading https://repo.maven.apache.org/maven2/antlr/antlr/2.7.6/antlr-2.7.6.pom
2017-05-22 00:15:24,769 [Worker-216] INFO  o.e.m.c.i.e.AbstractTransferListenerAdapter - Downloaded https://repo.maven.apache.org/maven2/antlr/antlr/2.7.6/antlr-2.7.6.pom
2017-05-22 00:15:24,941 [Worker-216] INFO  o.e.m.c.i.e.AbstractTransferListenerAdapter - Downloading https://repo.maven.apache.org/maven2/cglib/cglib/2.1_3/cglib-2.1_3.pom
2017-05-22 00:15:25,199 [Worker-216] INFO  o.e.m.c.i.e.AbstractTransferListenerAdapter - Downloaded https://repo.maven.apache.org/maven2/cglib/cglib/2.1_3/cglib-2.1_3.pom
2017-05-22 00:15:25,367 [Worker-216] INFO  o.e.m.c.i.e.AbstractTransferListenerAdapter - Downloading https://repo.maven.apache.org/maven2/asm/asm/1.5.3/asm-1.5.3.pom
2017-05-22 00:15:25,555 [Worker-216] INFO  o.e.m.c.i.e.AbstractTransferListenerAdapter - Downloaded https://repo.maven.apache.org/maven2/asm/asm/1.5.3/asm-1.5.3.pom
2017-05-22 00:15:25,703 [Worker-216] INFO  o.e.m.c.i.e.AbstractTransferListenerAdapter - Downloading https://repo.maven.apache.org/maven2/commons-collections/commons-collections/2.1.1/commons-collections-2.1.1.pom
2017-05-22 00:15:25,855 [Worker-216] INFO  o.e.m.c.i.e.AbstractTransferListenerAdapter - Downloaded https://repo.maven.apache.org/maven2/commons-collections/commons-collections/2.1.1/commons-collections-2.1.1.pom
2017-05-22 00:15:26,017 [Worker-216] INFO  o.e.m.c.i.e.AbstractTransferListenerAdapter - Downloading https://repo.maven.apache.org/maven2/org/hibernate/hibernate-commons-annotations/3.0.0.ga/hibernate-commons-annotations-3.0.0.ga.pom
2017-05-22 00:15:26,181 [Worker-216] INFO  o.e.m.c.i.e.AbstractTransferListenerAdapter - Downloaded https://repo.maven.apache.org/maven2/org/hibernate/hibernate-commons-annotations/3.0.0.ga/hibernate-commons-annotations-3.0.0.ga.pom
2017-05-22 00:15:26,349 [Worker-216] INFO  o.e.m.c.i.e.AbstractTransferListenerAdapter - Downloading https://repo.maven.apache.org/maven2/mysql/mysql-connector-java/5.1.10/mysql-connector-java-5.1.10.pom
2017-05-22 00:15:26,510 [Worker-216] INFO  o.e.m.c.i.e.AbstractTransferListenerAdapter - Downloaded https://repo.maven.apache.org/maven2/mysql/mysql-connector-java/5.1.10/mysql-connector-java-5.1.10.pom
2017-05-22 00:15:26,740 [Worker-216] INFO  o.e.m.c.i.e.AbstractTransferListenerAdapter - Downloading https://repo.maven.apache.org/maven2/org/hibernate/ejb3-persistence/1.0.1.GA/ejb3-persistence-1.0.1.GA.jar
2017-05-22 00:15:27,060 [Worker-216] INFO  o.e.m.c.i.e.AbstractTransferListenerAdapter - Downloaded https://repo.maven.apache.org/maven2/org/hibernate/ejb3-persistence/1.0.1.GA/ejb3-persistence-1.0.1.GA.jar
2017-05-22 00:15:27,214 [Worker-216] INFO  o.e.m.c.i.e.AbstractTransferListenerAdapter - Downloading https://repo.maven.apache.org/maven2/org/hibernate/hibernate-annotations/3.3.1.GA/hibernate-annotations-3.3.1.GA.jar
2017-05-22 00:15:27,758 [Worker-216] INFO  o.e.m.c.i.e.AbstractTransferListenerAdapter - Downloaded https://repo.maven.apache.org/maven2/org/hibernate/hibernate-annotations/3.3.1.GA/hibernate-annotations-3.3.1.GA.jar
2017-05-22 00:15:27,908 [Worker-216] INFO  o.e.m.c.i.e.AbstractTransferListenerAdapter - Downloading https://repo.maven.apache.org/maven2/org/hibernate/hibernate/3.2.6.ga/hibernate-3.2.6.ga.jar
2017-05-22 00:15:29,565 [Worker-216] INFO  o.e.m.c.i.e.AbstractTransferListenerAdapter - Downloaded https://repo.maven.apache.org/maven2/org/hibernate/hibernate/3.2.6.ga/hibernate-3.2.6.ga.jar
2017-05-22 00:15:29,713 [Worker-216] INFO  o.e.m.c.i.e.AbstractTransferListenerAdapter - Downloading https://repo.maven.apache.org/maven2/net/sf/ehcache/ehcache/1.2.3/ehcache-1.2.3.jar
2017-05-22 00:15:30,072 [Worker-216] INFO  o.e.m.c.i.e.AbstractTransferListenerAdapter - Downloaded https://repo.maven.apache.org/maven2/net/sf/ehcache/ehcache/1.2.3/ehcache-1.2.3.jar
2017-05-22 00:15:30,215 [Worker-216] INFO  o.e.m.c.i.e.AbstractTransferListenerAdapter - Downloaded https://repo.maven.apache.org/maven2/javax/transaction/jta/1.0.1B/jta-1.0.1B.jar
2017-05-22 00:15:31,103 [Worker-216] INFO  o.e.m.c.i.e.AbstractTransferListenerAdapter - Downloading https://repo.maven.apache.org/maven2/asm/asm-attrs/1.5.3/asm-attrs-1.5.3.jar
2017-05-22 00:15:31,429 [Worker-216] INFO  o.e.m.c.i.e.AbstractTransferListenerAdapter - Downloaded https://repo.maven.apache.org/maven2/asm/asm-attrs/1.5.3/asm-attrs-1.5.3.jar
2017-05-22 00:15:31,589 [Worker-216] INFO  o.e.m.c.i.e.AbstractTransferListenerAdapter - Downloading https://repo.maven.apache.org/maven2/dom4j/dom4j/1.6.1/dom4j-1.6.1.jar
2017-05-22 00:15:33,423 [Worker-216] INFO  o.e.m.c.i.e.AbstractTransferListenerAdapter - Downloaded https://repo.maven.apache.org/maven2/dom4j/dom4j/1.6.1/dom4j-1.6.1.jar
2017-05-22 00:15:33,643 [Worker-216] INFO  o.e.m.c.i.e.AbstractTransferListenerAdapter - Downloading https://repo.maven.apache.org/maven2/antlr/antlr/2.7.6/antlr-2.7.6.jar
2017-05-22 00:15:36,914 [Worker-216] INFO  o.e.m.c.i.e.AbstractTransferListenerAdapter - Downloaded https://repo.maven.apache.org/maven2/antlr/antlr/2.7.6/antlr-2.7.6.jar
2017-05-22 00:15:37,171 [Worker-216] INFO  o.e.m.c.i.e.AbstractTransferListenerAdapter - Downloading https://repo.maven.apache.org/maven2/cglib/cglib/2.1_3/cglib-2.1_3.jar
2017-05-22 00:15:41,278 [Worker-216] INFO  o.e.m.c.i.e.AbstractTransferListenerAdapter - Downloaded https://repo.maven.apache.org/maven2/cglib/cglib/2.1_3/cglib-2.1_3.jar
2017-05-22 00:15:41,430 [Worker-216] INFO  o.e.m.c.i.e.AbstractTransferListenerAdapter - Downloading https://repo.maven.apache.org/maven2/asm/asm/1.5.3/asm-1.5.3.jar
2017-05-22 00:15:41,862 [Worker-216] INFO  o.e.m.c.i.e.AbstractTransferListenerAdapter - Downloaded https://repo.maven.apache.org/maven2/asm/asm/1.5.3/asm-1.5.3.jar
2017-05-22 00:15:42,132 [Worker-216] INFO  o.e.m.c.i.e.AbstractTransferListenerAdapter - Downloading https://repo.maven.apache.org/maven2/commons-collections/commons-collections/2.1.1/commons-collections-2.1.1.jar
2017-05-22 00:15:43,733 [Worker-216] INFO  o.e.m.c.i.e.AbstractTransferListenerAdapter - Downloaded https://repo.maven.apache.org/maven2/commons-collections/commons-collections/2.1.1/commons-collections-2.1.1.jar
2017-05-22 00:15:43,877 [Worker-216] INFO  o.e.m.c.i.e.AbstractTransferListenerAdapter - Downloading https://repo.maven.apache.org/maven2/org/hibernate/hibernate-commons-annotations/3.0.0.ga/hibernate-commons-annotations-3.0.0.ga.jar
2017-05-22 00:15:44,581 [Worker-216] INFO  o.e.m.c.i.e.AbstractTransferListenerAdapter - Downloaded https://repo.maven.apache.org/maven2/org/hibernate/hibernate-commons-annotations/3.0.0.ga/hibernate-commons-annotations-3.0.0.ga.jar
2017-05-22 00:15:44,727 [Worker-216] INFO  o.e.m.c.i.e.AbstractTransferListenerAdapter - Downloading https://repo.maven.apache.org/maven2/commons-logging/commons-logging/1.0.4/commons-logging-1.0.4.jar
2017-05-22 00:15:45,295 [Worker-216] INFO  o.e.m.c.i.e.AbstractTransferListenerAdapter - Downloaded https://repo.maven.apache.org/maven2/commons-logging/commons-logging/1.0.4/commons-logging-1.0.4.jar
2017-05-22 00:15:45,451 [Worker-216] INFO  o.e.m.c.i.e.AbstractTransferListenerAdapter - Downloading https://repo.maven.apache.org/maven2/mysql/mysql-connector-java/5.1.10/mysql-connector-java-5.1.10.jar
2017-05-22 00:15:51,957 [Worker-216] INFO  o.e.m.c.i.e.AbstractTransferListenerAdapter - Downloaded https://repo.maven.apache.org/maven2/mysql/mysql-connector-java/5.1.10/mysql-connector-java-5.1.10.jar
2017-05-22 00:16:13,960 [Worker-214] INFO  o.e.m.i.launch.MavenLaunchDelegate - F:\EEWorkspace\Workspaces\HIbernateProg\ManyToManyAnnotation
2017-05-22 00:16:13,960 [Worker-214] INFO  o.e.m.i.launch.MavenLaunchDelegate -  mvn  -B install
2018-01-30 22:16:21,938 [Worker-1] INFO  c.g.t.t.d.PublishedGradleVersions - Gradle version information cache is out-of-date. Trying to update.
